Determining if the pthread_create exist failed with the following output:
Change Dir: /home/xwq/gflags/CMakeFiles/CMakeTmp

Run Build Command:"/usr/bin/gmake" "cmTC_f4ec4/fast"
/usr/bin/gmake -f CMakeFiles/cmTC_f4ec4.dir/build.make CMakeFiles/cmTC_f4ec4.dir/build
gmake[1]: Entering directory `/home/xwq/gflags/CMakeFiles/CMakeTmp'
Building C object CMakeFiles/cmTC_f4ec4.dir/CheckSymbolExists.c.o
/usr/bin/cc    -o CMakeFiles/cmTC_f4ec4.dir/CheckSymbolExists.c.o   -c /home/xwq/gflags/CMakeFiles/CMakeTmp/CheckSymbolExists.c
Linking C executable cmTC_f4ec4
/usr/local/bin/cmake -E cmake_link_script CMakeFiles/cmTC_f4ec4.dir/link.txt --verbose=1
/usr/bin/cc       CMakeFiles/cmTC_f4ec4.dir/CheckSymbolExists.c.o  -o cmTC_f4ec4 -rdynamic 
CMakeFiles/cmTC_f4ec4.dir/CheckSymbolExists.c.o: In function `main':
CheckSymbolExists.c:(.text+0xc): undefined reference to `pthread_create'
collect2: ld returned 1 exit status
gmake[1]: Leaving directory `/home/xwq/gflags/CMakeFiles/CMakeTmp'
gmake[1]: *** [cmTC_f4ec4] Error 1
gmake: *** [cmTC_f4ec4/fast] Error 2

File /home/xwq/gflags/CMakeFiles/CMakeTmp/CheckSymbolExists.c:
/* */
#include <pthread.h>

int main(int argc, char** argv)
{
  (void)argv;
#ifndef pthread_create
  return ((int*)(&pthread_create))[argc];
#else
  (void)argc;
  return 0;
#endif
}

Determining if the function pthread_create exists in the pthreads failed with the following output:
Change Dir: /home/xwq/gflags/CMakeFiles/CMakeTmp

Run Build Command:"/usr/bin/gmake" "cmTC_3d169/fast"
/usr/bin/gmake -f CMakeFiles/cmTC_3d169.dir/build.make CMakeFiles/cmTC_3d169.dir/build
gmake[1]: Entering directory `/home/xwq/gflags/CMakeFiles/CMakeTmp'
Building C object CMakeFiles/cmTC_3d169.dir/CheckFunctionExists.c.o
/usr/bin/cc   -DCHECK_FUNCTION_EXISTS=pthread_create   -o CMakeFiles/cmTC_3d169.dir/CheckFunctionExists.c.o   -c /usr/local/share/cmake-3.3/Modules/CheckFunctionExists.c
Linking C executable cmTC_3d169
/usr/local/bin/cmake -E cmake_link_script CMakeFiles/cmTC_3d169.dir/link.txt --verbose=1
/usr/bin/cc   -DCHECK_FUNCTION_EXISTS=pthread_create    CMakeFiles/cmTC_3d169.dir/CheckFunctionExists.c.o  -o cmTC_3d169 -rdynamic -lpthreads 
/usr/bin/ld: cannot find -lpthreads
collect2: ld returned 1 exit status
gmake[1]: Leaving directory `/home/xwq/gflags/CMakeFiles/CMakeTmp'
gmake[1]: *** [cmTC_3d169] Error 1
gmake: *** [cmTC_3d169/fast] Error 2


