The system is: Linux - 2.6.32-754.el6.x86_64 - x86_64
Compiling the CXX compiler identification source file "CMakeCXXCompilerId.cpp" succeeded.
Compiler: /usr/bin/c++ 
Build flags: 
Id flags: 

The output was:
0


Compilation of the CXX compiler identification source "CMakeCXXCompilerId.cpp" produced "a.out"

The CXX compiler identification is GNU, found in "/home/xwq/gflags/CMakeFiles/3.3.2/CompilerIdCXX/a.out"

Determining if the CXX compiler works passed with the following output:
Change Dir: /home/xwq/gflags/CMakeFiles/CMakeTmp

Run Build Command:"/usr/bin/gmake" "cmTC_07883/fast"
/usr/bin/gmake -f CMakeFiles/cmTC_07883.dir/build.make CMakeFiles/cmTC_07883.dir/build
gmake[1]: Entering directory `/home/xwq/gflags/CMakeFiles/CMakeTmp'
Building CXX object CMakeFiles/cmTC_07883.dir/testCXXCompiler.cxx.o
/usr/bin/c++     -o CMakeFiles/cmTC_07883.dir/testCXXCompiler.cxx.o -c /home/xwq/gflags/CMakeFiles/CMakeTmp/testCXXCompiler.cxx
Linking CXX executable cmTC_07883
/usr/local/bin/cmake -E cmake_link_script CMakeFiles/cmTC_07883.dir/link.txt --verbose=1
/usr/bin/c++        CMakeFiles/cmTC_07883.dir/testCXXCompiler.cxx.o  -o cmTC_07883 -rdynamic 
gmake[1]: Leaving directory `/home/xwq/gflags/CMakeFiles/CMakeTmp'


Detecting CXX compiler ABI info compiled with the following output:
Change Dir: /home/xwq/gflags/CMakeFiles/CMakeTmp

Run Build Command:"/usr/bin/gmake" "cmTC_ba076/fast"
/usr/bin/gmake -f CMakeFiles/cmTC_ba076.dir/build.make CMakeFiles/cmTC_ba076.dir/build
gmake[1]: Entering directory `/home/xwq/gflags/CMakeFiles/CMakeTmp'
Building CXX object CMakeFiles/cmTC_ba076.dir/CMakeCXXCompilerABI.cpp.o
/usr/bin/c++     -o CMakeFiles/cmTC_ba076.dir/CMakeCXXCompilerABI.cpp.o -c /usr/local/share/cmake-3.3/Modules/CMakeCXXCompilerABI.cpp
Linking CXX executable cmTC_ba076
/usr/local/bin/cmake -E cmake_link_script CMakeFiles/cmTC_ba076.dir/link.txt --verbose=1
/usr/bin/c++       -v CMakeFiles/cmTC_ba076.dir/CMakeCXXCompilerABI.cpp.o  -o cmTC_ba076 -rdynamic  
Using built-in specs.
Target: x86_64-redhat-linux
Configured with: ../configure --prefix=/usr --mandir=/usr/share/man --infodir=/usr/share/info --with-bugurl=http://bugzilla.redhat.com/bugzilla --enable-bootstrap --enable-shared --enable-threads=posix --enable-checking=release --with-system-zlib --enable-__cxa_atexit --disable-libunwind-exceptions --enable-gnu-unique-object --enable-languages=c,c++,objc,obj-c++,java,fortran,ada --enable-java-awt=gtk --disable-dssi --with-java-home=/usr/lib/jvm/java-1.5.0-gcj-1.5.0.0/jre --enable-libgcj-multifile --enable-java-maintainer-mode --with-ecj-jar=/usr/share/java/eclipse-ecj.jar --disable-libjava-multilib --with-ppl --with-cloog --with-tune=generic --with-arch_32=i686 --build=x86_64-redhat-linux
Thread model: posix
gcc version 4.4.7 20120313 (Red Hat 4.4.7-23) (GCC) 
COMPILER_PATH=/usr/libexec/gcc/x86_64-redhat-linux/4.4.7/:/usr/libexec/gcc/x86_64-redhat-linux/4.4.7/:/usr/libexec/gcc/x86_64-redhat-linux/:/usr/lib/gcc/x86_64-redhat-linux/4.4.7/:/usr/lib/gcc/x86_64-redhat-linux/:/usr/libexec/gcc/x86_64-redhat-linux/4.4.7/:/usr/libexec/gcc/x86_64-redhat-linux/:/usr/lib/gcc/x86_64-redhat-linux/4.4.7/:/usr/lib/gcc/x86_64-redhat-linux/
LIBRARY_PATH=/usr/lib/gcc/x86_64-redhat-linux/4.4.7/:/usr/lib/gcc/x86_64-redhat-linux/4.4.7/:/usr/lib/gcc/x86_64-redhat-linux/4.4.7/../../../../lib64/:/lib/../lib64/:/usr/lib/../lib64/:/usr/lib/gcc/x86_64-redhat-linux/4.4.7/../../../:/lib/:/usr/lib/
COLLECT_GCC_OPTIONS='-v' '-o' 'cmTC_ba076' '-rdynamic' '-shared-libgcc' '-mtune=generic'
 /usr/libexec/gcc/x86_64-redhat-linux/4.4.7/collect2 --eh-frame-hdr --build-id -m elf_x86_64 --hash-style=gnu -export-dynamic -dynamic-linker /lib64/ld-linux-x86-64.so.2 -o cmTC_ba076 /usr/lib/gcc/x86_64-redhat-linux/4.4.7/../../../../lib64/crt1.o /usr/lib/gcc/x86_64-redhat-linux/4.4.7/../../../../lib64/crti.o /usr/lib/gcc/x86_64-redhat-linux/4.4.7/crtbegin.o -L/usr/lib/gcc/x86_64-redhat-linux/4.4.7 -L/usr/lib/gcc/x86_64-redhat-linux/4.4.7 -L/usr/lib/gcc/x86_64-redhat-linux/4.4.7/../../../../lib64 -L/lib/../lib64 -L/usr/lib/../lib64 -L/usr/lib/gcc/x86_64-redhat-linux/4.4.7/../../.. CMakeFiles/cmTC_ba076.dir/CMakeCXXCompilerABI.cpp.o -lstdc++ -lm -lgcc_s -lgcc -lc -lgcc_s -lgcc /usr/lib/gcc/x86_64-redhat-linux/4.4.7/crtend.o /usr/lib/gcc/x86_64-redhat-linux/4.4.7/../../../../lib64/crtn.o
gmake[1]: Leaving directory `/home/xwq/gflags/CMakeFiles/CMakeTmp'


Parsed CXX implicit link information from above output:
  link line regex: [^( *|.*[/\])(ld|([^/\]+-)?ld|collect2)[^/\]*( |$)]
  ignore line: [Change Dir: /home/xwq/gflags/CMakeFiles/CMakeTmp]
  ignore line: []
  ignore line: [Run Build Command:"/usr/bin/gmake" "cmTC_ba076/fast"]
  ignore line: [/usr/bin/gmake -f CMakeFiles/cmTC_ba076.dir/build.make CMakeFiles/cmTC_ba076.dir/build]
  ignore line: [gmake[1]: Entering directory `/home/xwq/gflags/CMakeFiles/CMakeTmp']
  ignore line: [Building CXX object CMakeFiles/cmTC_ba076.dir/CMakeCXXCompilerABI.cpp.o]
  ignore line: [/usr/bin/c++     -o CMakeFiles/cmTC_ba076.dir/CMakeCXXCompilerABI.cpp.o -c /usr/local/share/cmake-3.3/Modules/CMakeCXXCompilerABI.cpp]
  ignore line: [Linking CXX executable cmTC_ba076]
  ignore line: [/usr/local/bin/cmake -E cmake_link_script CMakeFiles/cmTC_ba076.dir/link.txt --verbose=1]
  ignore line: [/usr/bin/c++       -v CMakeFiles/cmTC_ba076.dir/CMakeCXXCompilerABI.cpp.o  -o cmTC_ba076 -rdynamic  ]
  ignore line: [Using built-in specs.]
  ignore line: [Target: x86_64-redhat-linux]
  ignore line: [Configured with: ../configure --prefix=/usr --mandir=/usr/share/man --infodir=/usr/share/info --with-bugurl=http://bugzilla.redhat.com/bugzilla --enable-bootstrap --enable-shared --enable-threads=posix --enable-checking=release --with-system-zlib --enable-__cxa_atexit --disable-libunwind-exceptions --enable-gnu-unique-object --enable-languages=c,c++,objc,obj-c++,java,fortran,ada --enable-java-awt=gtk --disable-dssi --with-java-home=/usr/lib/jvm/java-1.5.0-gcj-1.5.0.0/jre --enable-libgcj-multifile --enable-java-maintainer-mode --with-ecj-jar=/usr/share/java/eclipse-ecj.jar --disable-libjava-multilib --with-ppl --with-cloog --with-tune=generic --with-arch_32=i686 --build=x86_64-redhat-linux]
  ignore line: [Thread model: posix]
  ignore line: [gcc version 4.4.7 20120313 (Red Hat 4.4.7-23) (GCC) ]
  ignore line: [COMPILER_PATH=/usr/libexec/gcc/x86_64-redhat-linux/4.4.7/:/usr/libexec/gcc/x86_64-redhat-linux/4.4.7/:/usr/libexec/gcc/x86_64-redhat-linux/:/usr/lib/gcc/x86_64-redhat-linux/4.4.7/:/usr/lib/gcc/x86_64-redhat-linux/:/usr/libexec/gcc/x86_64-redhat-linux/4.4.7/:/usr/libexec/gcc/x86_64-redhat-linux/:/usr/lib/gcc/x86_64-redhat-linux/4.4.7/:/usr/lib/gcc/x86_64-redhat-linux/]
  ignore line: [LIBRARY_PATH=/usr/lib/gcc/x86_64-redhat-linux/4.4.7/:/usr/lib/gcc/x86_64-redhat-linux/4.4.7/:/usr/lib/gcc/x86_64-redhat-linux/4.4.7/../../../../lib64/:/lib/../lib64/:/usr/lib/../lib64/:/usr/lib/gcc/x86_64-redhat-linux/4.4.7/../../../:/lib/:/usr/lib/]
  ignore line: [COLLECT_GCC_OPTIONS='-v' '-o' 'cmTC_ba076' '-rdynamic' '-shared-libgcc' '-mtune=generic']
  link line: [ /usr/libexec/gcc/x86_64-redhat-linux/4.4.7/collect2 --eh-frame-hdr --build-id -m elf_x86_64 --hash-style=gnu -export-dynamic -dynamic-linker /lib64/ld-linux-x86-64.so.2 -o cmTC_ba076 /usr/lib/gcc/x86_64-redhat-linux/4.4.7/../../../../lib64/crt1.o /usr/lib/gcc/x86_64-redhat-linux/4.4.7/../../../../lib64/crti.o /usr/lib/gcc/x86_64-redhat-linux/4.4.7/crtbegin.o -L/usr/lib/gcc/x86_64-redhat-linux/4.4.7 -L/usr/lib/gcc/x86_64-redhat-linux/4.4.7 -L/usr/lib/gcc/x86_64-redhat-linux/4.4.7/../../../../lib64 -L/lib/../lib64 -L/usr/lib/../lib64 -L/usr/lib/gcc/x86_64-redhat-linux/4.4.7/../../.. CMakeFiles/cmTC_ba076.dir/CMakeCXXCompilerABI.cpp.o -lstdc++ -lm -lgcc_s -lgcc -lc -lgcc_s -lgcc /usr/lib/gcc/x86_64-redhat-linux/4.4.7/crtend.o /usr/lib/gcc/x86_64-redhat-linux/4.4.7/../../../../lib64/crtn.o]
    arg [/usr/libexec/gcc/x86_64-redhat-linux/4.4.7/collect2] ==> ignore
    arg [--eh-frame-hdr] ==> ignore
    arg [--build-id] ==> ignore
    arg [-m] ==> ignore
    arg [elf_x86_64] ==> ignore
    arg [--hash-style=gnu] ==> ignore
    arg [-export-dynamic] ==> ignore
    arg [-dynamic-linker] ==> ignore
    arg [/lib64/ld-linux-x86-64.so.2] ==> ignore
    arg [-o] ==> ignore
    arg [cmTC_ba076] ==> ignore
    arg [/usr/lib/gcc/x86_64-redhat-linux/4.4.7/../../../../lib64/crt1.o] ==> ignore
    arg [/usr/lib/gcc/x86_64-redhat-linux/4.4.7/../../../../lib64/crti.o] ==> ignore
    arg [/usr/lib/gcc/x86_64-redhat-linux/4.4.7/crtbegin.o] ==> ignore
    arg [-L/usr/lib/gcc/x86_64-redhat-linux/4.4.7] ==> dir [/usr/lib/gcc/x86_64-redhat-linux/4.4.7]
    arg [-L/usr/lib/gcc/x86_64-redhat-linux/4.4.7] ==> dir [/usr/lib/gcc/x86_64-redhat-linux/4.4.7]
    arg [-L/usr/lib/gcc/x86_64-redhat-linux/4.4.7/../../../../lib64] ==> dir [/usr/lib/gcc/x86_64-redhat-linux/4.4.7/../../../../lib64]
    arg [-L/lib/../lib64] ==> dir [/lib/../lib64]
    arg [-L/usr/lib/../lib64] ==> dir [/usr/lib/../lib64]
    arg [-L/usr/lib/gcc/x86_64-redhat-linux/4.4.7/../../..] ==> dir [/usr/lib/gcc/x86_64-redhat-linux/4.4.7/../../..]
    arg [CMakeFiles/cmTC_ba076.dir/CMakeCXXCompilerABI.cpp.o] ==> ignore
    arg [-lstdc++] ==> lib [stdc++]
    arg [-lm] ==> lib [m]
    arg [-lgcc_s] ==> lib [gcc_s]
    arg [-lgcc] ==> lib [gcc]
    arg [-lc] ==> lib [c]
    arg [-lgcc_s] ==> lib [gcc_s]
    arg [-lgcc] ==> lib [gcc]
    arg [/usr/lib/gcc/x86_64-redhat-linux/4.4.7/crtend.o] ==> ignore
    arg [/usr/lib/gcc/x86_64-redhat-linux/4.4.7/../../../../lib64/crtn.o] ==> ignore
  remove lib [gcc_s]
  remove lib [gcc]
  remove lib [gcc_s]
  remove lib [gcc]
  collapse library dir [/usr/lib/gcc/x86_64-redhat-linux/4.4.7] ==> [/usr/lib/gcc/x86_64-redhat-linux/4.4.7]
  collapse library dir [/usr/lib/gcc/x86_64-redhat-linux/4.4.7] ==> [/usr/lib/gcc/x86_64-redhat-linux/4.4.7]
  collapse library dir [/usr/lib/gcc/x86_64-redhat-linux/4.4.7/../../../../lib64] ==> [/usr/lib64]
  collapse library dir [/lib/../lib64] ==> [/lib64]
  collapse library dir [/usr/lib/../lib64] ==> [/usr/lib64]
  collapse library dir [/usr/lib/gcc/x86_64-redhat-linux/4.4.7/../../..] ==> [/usr/lib]
  implicit libs: [stdc++;m;c]
  implicit dirs: [/usr/lib/gcc/x86_64-redhat-linux/4.4.7;/usr/lib64;/lib64;/usr/lib]
  implicit fwks: []




Detecting CXX [-std=c++0x] compiler features compiled with the following output:
Change Dir: /home/xwq/gflags/CMakeFiles/CMakeTmp

Run Build Command:"/usr/bin/gmake" "cmTC_1caaf/fast"
/usr/bin/gmake -f CMakeFiles/cmTC_1caaf.dir/build.make CMakeFiles/cmTC_1caaf.dir/build
gmake[1]: Entering directory `/home/xwq/gflags/CMakeFiles/CMakeTmp'
Building CXX object CMakeFiles/cmTC_1caaf.dir/feature_tests.cxx.o
/usr/bin/c++    -std=c++0x -o CMakeFiles/cmTC_1caaf.dir/feature_tests.cxx.o -c /home/xwq/gflags/CMakeFiles/feature_tests.cxx
Linking CXX executable cmTC_1caaf
/usr/local/bin/cmake -E cmake_link_script CMakeFiles/cmTC_1caaf.dir/link.txt --verbose=1
/usr/bin/c++        CMakeFiles/cmTC_1caaf.dir/feature_tests.cxx.o  -o cmTC_1caaf -rdynamic 
gmake[1]: Leaving directory `/home/xwq/gflags/CMakeFiles/CMakeTmp'


    Feature record: CXX_FEATURE:0cxx_aggregate_default_initializers
    Feature record: CXX_FEATURE:0cxx_alias_templates
    Feature record: CXX_FEATURE:0cxx_alignas
    Feature record: CXX_FEATURE:0cxx_alignof
    Feature record: CXX_FEATURE:0cxx_attributes
    Feature record: CXX_FEATURE:0cxx_attribute_deprecated
    Feature record: CXX_FEATURE:1cxx_auto_type
    Feature record: CXX_FEATURE:0cxx_binary_literals
    Feature record: CXX_FEATURE:0cxx_constexpr
    Feature record: CXX_FEATURE:0cxx_contextual_conversions
    Feature record: CXX_FEATURE:1cxx_decltype
    Feature record: CXX_FEATURE:0cxx_decltype_auto
    Feature record: CXX_FEATURE:0cxx_decltype_incomplete_return_types
    Feature record: CXX_FEATURE:1cxx_default_function_template_args
    Feature record: CXX_FEATURE:1cxx_defaulted_functions
    Feature record: CXX_FEATURE:0cxx_defaulted_move_initializers
    Feature record: CXX_FEATURE:0cxx_delegating_constructors
    Feature record: CXX_FEATURE:1cxx_deleted_functions
    Feature record: CXX_FEATURE:0cxx_digit_separators
    Feature record: CXX_FEATURE:0cxx_enum_forward_declarations
    Feature record: CXX_FEATURE:0cxx_explicit_conversions
    Feature record: CXX_FEATURE:0cxx_extended_friend_declarations
    Feature record: CXX_FEATURE:1cxx_extern_templates
    Feature record: CXX_FEATURE:0cxx_final
    Feature record: CXX_FEATURE:1cxx_func_identifier
    Feature record: CXX_FEATURE:1cxx_generalized_initializers
    Feature record: CXX_FEATURE:0cxx_generic_lambdas
    Feature record: CXX_FEATURE:0cxx_inheriting_constructors
    Feature record: CXX_FEATURE:1cxx_inline_namespaces
    Feature record: CXX_FEATURE:0cxx_lambdas
    Feature record: CXX_FEATURE:0cxx_lambda_init_captures
    Feature record: CXX_FEATURE:0cxx_local_type_template_args
    Feature record: CXX_FEATURE:1cxx_long_long_type
    Feature record: CXX_FEATURE:0cxx_noexcept
    Feature record: CXX_FEATURE:0cxx_nonstatic_member_init
    Feature record: CXX_FEATURE:0cxx_nullptr
    Feature record: CXX_FEATURE:0cxx_override
    Feature record: CXX_FEATURE:0cxx_range_for
    Feature record: CXX_FEATURE:0cxx_raw_string_literals
    Feature record: CXX_FEATURE:0cxx_reference_qualified_functions
    Feature record: CXX_FEATURE:0cxx_relaxed_constexpr
    Feature record: CXX_FEATURE:0cxx_return_type_deduction
    Feature record: CXX_FEATURE:1cxx_right_angle_brackets
    Feature record: CXX_FEATURE:1cxx_rvalue_references
    Feature record: CXX_FEATURE:1cxx_sizeof_member
    Feature record: CXX_FEATURE:1cxx_static_assert
    Feature record: CXX_FEATURE:1cxx_strong_enums
    Feature record: CXX_FEATURE:1cxx_template_template_parameters
    Feature record: CXX_FEATURE:0cxx_thread_local
    Feature record: CXX_FEATURE:1cxx_trailing_return_types
    Feature record: CXX_FEATURE:1cxx_unicode_literals
    Feature record: CXX_FEATURE:1cxx_uniform_initialization
    Feature record: CXX_FEATURE:0cxx_unrestricted_unions
    Feature record: CXX_FEATURE:0cxx_user_literals
    Feature record: CXX_FEATURE:0cxx_variable_templates
    Feature record: CXX_FEATURE:1cxx_variadic_macros
    Feature record: CXX_FEATURE:1cxx_variadic_templates


Detecting CXX [-std=c++98] compiler features compiled with the following output:
Change Dir: /home/xwq/gflags/CMakeFiles/CMakeTmp

Run Build Command:"/usr/bin/gmake" "cmTC_ba107/fast"
/usr/bin/gmake -f CMakeFiles/cmTC_ba107.dir/build.make CMakeFiles/cmTC_ba107.dir/build
gmake[1]: Entering directory `/home/xwq/gflags/CMakeFiles/CMakeTmp'
Building CXX object CMakeFiles/cmTC_ba107.dir/feature_tests.cxx.o
/usr/bin/c++    -std=c++98 -o CMakeFiles/cmTC_ba107.dir/feature_tests.cxx.o -c /home/xwq/gflags/CMakeFiles/feature_tests.cxx
Linking CXX executable cmTC_ba107
/usr/local/bin/cmake -E cmake_link_script CMakeFiles/cmTC_ba107.dir/link.txt --verbose=1
/usr/bin/c++        CMakeFiles/cmTC_ba107.dir/feature_tests.cxx.o  -o cmTC_ba107 -rdynamic 
gmake[1]: Leaving directory `/home/xwq/gflags/CMakeFiles/CMakeTmp'


    Feature record: CXX_FEATURE:0cxx_aggregate_default_initializers
    Feature record: CXX_FEATURE:0cxx_alias_templates
    Feature record: CXX_FEATURE:0cxx_alignas
    Feature record: CXX_FEATURE:0cxx_alignof
    Feature record: CXX_FEATURE:0cxx_attributes
    Feature record: CXX_FEATURE:0cxx_attribute_deprecated
    Feature record: CXX_FEATURE:0cxx_auto_type
    Feature record: CXX_FEATURE:0cxx_binary_literals
    Feature record: CXX_FEATURE:0cxx_constexpr
    Feature record: CXX_FEATURE:0cxx_contextual_conversions
    Feature record: CXX_FEATURE:0cxx_decltype
    Feature record: CXX_FEATURE:0cxx_decltype_auto
    Feature record: CXX_FEATURE:0cxx_decltype_incomplete_return_types
    Feature record: CXX_FEATURE:0cxx_default_function_template_args
    Feature record: CXX_FEATURE:0cxx_defaulted_functions
    Feature record: CXX_FEATURE:0cxx_defaulted_move_initializers
    Feature record: CXX_FEATURE:0cxx_delegating_constructors
    Feature record: CXX_FEATURE:0cxx_deleted_functions
    Feature record: CXX_FEATURE:0cxx_digit_separators
    Feature record: CXX_FEATURE:0cxx_enum_forward_declarations
    Feature record: CXX_FEATURE:0cxx_explicit_conversions
    Feature record: CXX_FEATURE:0cxx_extended_friend_declarations
    Feature record: CXX_FEATURE:0cxx_extern_templates
    Feature record: CXX_FEATURE:0cxx_final
    Feature record: CXX_FEATURE:0cxx_func_identifier
    Feature record: CXX_FEATURE:0cxx_generalized_initializers
    Feature record: CXX_FEATURE:0cxx_generic_lambdas
    Feature record: CXX_FEATURE:0cxx_inheriting_constructors
    Feature record: CXX_FEATURE:0cxx_inline_namespaces
    Feature record: CXX_FEATURE:0cxx_lambdas
    Feature record: CXX_FEATURE:0cxx_lambda_init_captures
    Feature record: CXX_FEATURE:0cxx_local_type_template_args
    Feature record: CXX_FEATURE:0cxx_long_long_type
    Feature record: CXX_FEATURE:0cxx_noexcept
    Feature record: CXX_FEATURE:0cxx_nonstatic_member_init
    Feature record: CXX_FEATURE:0cxx_nullptr
    Feature record: CXX_FEATURE:0cxx_override
    Feature record: CXX_FEATURE:0cxx_range_for
    Feature record: CXX_FEATURE:0cxx_raw_string_literals
    Feature record: CXX_FEATURE:0cxx_reference_qualified_functions
    Feature record: CXX_FEATURE:0cxx_relaxed_constexpr
    Feature record: CXX_FEATURE:0cxx_return_type_deduction
    Feature record: CXX_FEATURE:0cxx_right_angle_brackets
    Feature record: CXX_FEATURE:0cxx_rvalue_references
    Feature record: CXX_FEATURE:0cxx_sizeof_member
    Feature record: CXX_FEATURE:0cxx_static_assert
    Feature record: CXX_FEATURE:0cxx_strong_enums
    Feature record: CXX_FEATURE:1cxx_template_template_parameters
    Feature record: CXX_FEATURE:0cxx_thread_local
    Feature record: CXX_FEATURE:0cxx_trailing_return_types
    Feature record: CXX_FEATURE:0cxx_unicode_literals
    Feature record: CXX_FEATURE:0cxx_uniform_initialization
    Feature record: CXX_FEATURE:0cxx_unrestricted_unions
    Feature record: CXX_FEATURE:0cxx_user_literals
    Feature record: CXX_FEATURE:0cxx_variable_templates
    Feature record: CXX_FEATURE:0cxx_variadic_macros
    Feature record: CXX_FEATURE:0cxx_variadic_templates
Compiling the C compiler identification source file "CMakeCCompilerId.c" succeeded.
Compiler: /usr/bin/cc 
Build flags: 
Id flags: 

The output was:
0


Compilation of the C compiler identification source "CMakeCCompilerId.c" produced "a.out"

The C compiler identification is GNU, found in "/home/xwq/gflags/CMakeFiles/3.3.2/CompilerIdC/a.out"

Determining if the C compiler works passed with the following output:
Change Dir: /home/xwq/gflags/CMakeFiles/CMakeTmp

Run Build Command:"/usr/bin/gmake" "cmTC_b0ae8/fast"
/usr/bin/gmake -f CMakeFiles/cmTC_b0ae8.dir/build.make CMakeFiles/cmTC_b0ae8.dir/build
gmake[1]: Entering directory `/home/xwq/gflags/CMakeFiles/CMakeTmp'
Building C object CMakeFiles/cmTC_b0ae8.dir/testCCompiler.c.o
/usr/bin/cc    -o CMakeFiles/cmTC_b0ae8.dir/testCCompiler.c.o   -c /home/xwq/gflags/CMakeFiles/CMakeTmp/testCCompiler.c
Linking C executable cmTC_b0ae8
/usr/local/bin/cmake -E cmake_link_script CMakeFiles/cmTC_b0ae8.dir/link.txt --verbose=1
/usr/bin/cc       CMakeFiles/cmTC_b0ae8.dir/testCCompiler.c.o  -o cmTC_b0ae8 -rdynamic 
gmake[1]: Leaving directory `/home/xwq/gflags/CMakeFiles/CMakeTmp'


Detecting C compiler ABI info compiled with the following output:
Change Dir: /home/xwq/gflags/CMakeFiles/CMakeTmp

Run Build Command:"/usr/bin/gmake" "cmTC_ef1b7/fast"
/usr/bin/gmake -f CMakeFiles/cmTC_ef1b7.dir/build.make CMakeFiles/cmTC_ef1b7.dir/build
gmake[1]: Entering directory `/home/xwq/gflags/CMakeFiles/CMakeTmp'
Building C object CMakeFiles/cmTC_ef1b7.dir/CMakeCCompilerABI.c.o
/usr/bin/cc    -o CMakeFiles/cmTC_ef1b7.dir/CMakeCCompilerABI.c.o   -c /usr/local/share/cmake-3.3/Modules/CMakeCCompilerABI.c
Linking C executable cmTC_ef1b7
/usr/local/bin/cmake -E cmake_link_script CMakeFiles/cmTC_ef1b7.dir/link.txt --verbose=1
/usr/bin/cc      -v CMakeFiles/cmTC_ef1b7.dir/CMakeCCompilerABI.c.o  -o cmTC_ef1b7 -rdynamic  
Using built-in specs.
Target: x86_64-redhat-linux
Configured with: ../configure --prefix=/usr --mandir=/usr/share/man --infodir=/usr/share/info --with-bugurl=http://bugzilla.redhat.com/bugzilla --enable-bootstrap --enable-shared --enable-threads=posix --enable-checking=release --with-system-zlib --enable-__cxa_atexit --disable-libunwind-exceptions --enable-gnu-unique-object --enable-languages=c,c++,objc,obj-c++,java,fortran,ada --enable-java-awt=gtk --disable-dssi --with-java-home=/usr/lib/jvm/java-1.5.0-gcj-1.5.0.0/jre --enable-libgcj-multifile --enable-java-maintainer-mode --with-ecj-jar=/usr/share/java/eclipse-ecj.jar --disable-libjava-multilib --with-ppl --with-cloog --with-tune=generic --with-arch_32=i686 --build=x86_64-redhat-linux
Thread model: posix
gcc version 4.4.7 20120313 (Red Hat 4.4.7-23) (GCC) 
COMPILER_PATH=/usr/libexec/gcc/x86_64-redhat-linux/4.4.7/:/usr/libexec/gcc/x86_64-redhat-linux/4.4.7/:/usr/libexec/gcc/x86_64-redhat-linux/:/usr/lib/gcc/x86_64-redhat-linux/4.4.7/:/usr/lib/gcc/x86_64-redhat-linux/:/usr/libexec/gcc/x86_64-redhat-linux/4.4.7/:/usr/libexec/gcc/x86_64-redhat-linux/:/usr/lib/gcc/x86_64-redhat-linux/4.4.7/:/usr/lib/gcc/x86_64-redhat-linux/
LIBRARY_PATH=/usr/lib/gcc/x86_64-redhat-linux/4.4.7/:/usr/lib/gcc/x86_64-redhat-linux/4.4.7/:/usr/lib/gcc/x86_64-redhat-linux/4.4.7/../../../../lib64/:/lib/../lib64/:/usr/lib/../lib64/:/usr/lib/gcc/x86_64-redhat-linux/4.4.7/../../../:/lib/:/usr/lib/
COLLECT_GCC_OPTIONS='-v' '-o' 'cmTC_ef1b7' '-rdynamic' '-mtune=generic'
 /usr/libexec/gcc/x86_64-redhat-linux/4.4.7/collect2 --eh-frame-hdr --build-id -m elf_x86_64 --hash-style=gnu -export-dynamic -dynamic-linker /lib64/ld-linux-x86-64.so.2 -o cmTC_ef1b7 /usr/lib/gcc/x86_64-redhat-linux/4.4.7/../../../../lib64/crt1.o /usr/lib/gcc/x86_64-redhat-linux/4.4.7/../../../../lib64/crti.o /usr/lib/gcc/x86_64-redhat-linux/4.4.7/crtbegin.o -L/usr/lib/gcc/x86_64-redhat-linux/4.4.7 -L/usr/lib/gcc/x86_64-redhat-linux/4.4.7 -L/usr/lib/gcc/x86_64-redhat-linux/4.4.7/../../../../lib64 -L/lib/../lib64 -L/usr/lib/../lib64 -L/usr/lib/gcc/x86_64-redhat-linux/4.4.7/../../.. CMakeFiles/cmTC_ef1b7.dir/CMakeCCompilerABI.c.o -lgcc --as-needed -lgcc_s --no-as-needed -lc -lgcc --as-needed -lgcc_s --no-as-needed /usr/lib/gcc/x86_64-redhat-linux/4.4.7/crtend.o /usr/lib/gcc/x86_64-redhat-linux/4.4.7/../../../../lib64/crtn.o
gmake[1]: Leaving directory `/home/xwq/gflags/CMakeFiles/CMakeTmp'


Parsed C implicit link information from above output:
  link line regex: [^( *|.*[/\])(ld|([^/\]+-)?ld|collect2)[^/\]*( |$)]
  ignore line: [Change Dir: /home/xwq/gflags/CMakeFiles/CMakeTmp]
  ignore line: []
  ignore line: [Run Build Command:"/usr/bin/gmake" "cmTC_ef1b7/fast"]
  ignore line: [/usr/bin/gmake -f CMakeFiles/cmTC_ef1b7.dir/build.make CMakeFiles/cmTC_ef1b7.dir/build]
  ignore line: [gmake[1]: Entering directory `/home/xwq/gflags/CMakeFiles/CMakeTmp']
  ignore line: [Building C object CMakeFiles/cmTC_ef1b7.dir/CMakeCCompilerABI.c.o]
  ignore line: [/usr/bin/cc    -o CMakeFiles/cmTC_ef1b7.dir/CMakeCCompilerABI.c.o   -c /usr/local/share/cmake-3.3/Modules/CMakeCCompilerABI.c]
  ignore line: [Linking C executable cmTC_ef1b7]
  ignore line: [/usr/local/bin/cmake -E cmake_link_script CMakeFiles/cmTC_ef1b7.dir/link.txt --verbose=1]
  ignore line: [/usr/bin/cc      -v CMakeFiles/cmTC_ef1b7.dir/CMakeCCompilerABI.c.o  -o cmTC_ef1b7 -rdynamic  ]
  ignore line: [Using built-in specs.]
  ignore line: [Target: x86_64-redhat-linux]
  ignore line: [Configured with: ../configure --prefix=/usr --mandir=/usr/share/man --infodir=/usr/share/info --with-bugurl=http://bugzilla.redhat.com/bugzilla --enable-bootstrap --enable-shared --enable-threads=posix --enable-checking=release --with-system-zlib --enable-__cxa_atexit --disable-libunwind-exceptions --enable-gnu-unique-object --enable-languages=c,c++,objc,obj-c++,java,fortran,ada --enable-java-awt=gtk --disable-dssi --with-java-home=/usr/lib/jvm/java-1.5.0-gcj-1.5.0.0/jre --enable-libgcj-multifile --enable-java-maintainer-mode --with-ecj-jar=/usr/share/java/eclipse-ecj.jar --disable-libjava-multilib --with-ppl --with-cloog --with-tune=generic --with-arch_32=i686 --build=x86_64-redhat-linux]
  ignore line: [Thread model: posix]
  ignore line: [gcc version 4.4.7 20120313 (Red Hat 4.4.7-23) (GCC) ]
  ignore line: [COMPILER_PATH=/usr/libexec/gcc/x86_64-redhat-linux/4.4.7/:/usr/libexec/gcc/x86_64-redhat-linux/4.4.7/:/usr/libexec/gcc/x86_64-redhat-linux/:/usr/lib/gcc/x86_64-redhat-linux/4.4.7/:/usr/lib/gcc/x86_64-redhat-linux/:/usr/libexec/gcc/x86_64-redhat-linux/4.4.7/:/usr/libexec/gcc/x86_64-redhat-linux/:/usr/lib/gcc/x86_64-redhat-linux/4.4.7/:/usr/lib/gcc/x86_64-redhat-linux/]
  ignore line: [LIBRARY_PATH=/usr/lib/gcc/x86_64-redhat-linux/4.4.7/:/usr/lib/gcc/x86_64-redhat-linux/4.4.7/:/usr/lib/gcc/x86_64-redhat-linux/4.4.7/../../../../lib64/:/lib/../lib64/:/usr/lib/../lib64/:/usr/lib/gcc/x86_64-redhat-linux/4.4.7/../../../:/lib/:/usr/lib/]
  ignore line: [COLLECT_GCC_OPTIONS='-v' '-o' 'cmTC_ef1b7' '-rdynamic' '-mtune=generic']
  link line: [ /usr/libexec/gcc/x86_64-redhat-linux/4.4.7/collect2 --eh-frame-hdr --build-id -m elf_x86_64 --hash-style=gnu -export-dynamic -dynamic-linker /lib64/ld-linux-x86-64.so.2 -o cmTC_ef1b7 /usr/lib/gcc/x86_64-redhat-linux/4.4.7/../../../../lib64/crt1.o /usr/lib/gcc/x86_64-redhat-linux/4.4.7/../../../../lib64/crti.o /usr/lib/gcc/x86_64-redhat-linux/4.4.7/crtbegin.o -L/usr/lib/gcc/x86_64-redhat-linux/4.4.7 -L/usr/lib/gcc/x86_64-redhat-linux/4.4.7 -L/usr/lib/gcc/x86_64-redhat-linux/4.4.7/../../../../lib64 -L/lib/../lib64 -L/usr/lib/../lib64 -L/usr/lib/gcc/x86_64-redhat-linux/4.4.7/../../.. CMakeFiles/cmTC_ef1b7.dir/CMakeCCompilerABI.c.o -lgcc --as-needed -lgcc_s --no-as-needed -lc -lgcc --as-needed -lgcc_s --no-as-needed /usr/lib/gcc/x86_64-redhat-linux/4.4.7/crtend.o /usr/lib/gcc/x86_64-redhat-linux/4.4.7/../../../../lib64/crtn.o]
    arg [/usr/libexec/gcc/x86_64-redhat-linux/4.4.7/collect2] ==> ignore
    arg [--eh-frame-hdr] ==> ignore
    arg [--build-id] ==> ignore
    arg [-m] ==> ignore
    arg [elf_x86_64] ==> ignore
    arg [--hash-style=gnu] ==> ignore
    arg [-export-dynamic] ==> ignore
    arg [-dynamic-linker] ==> ignore
    arg [/lib64/ld-linux-x86-64.so.2] ==> ignore
    arg [-o] ==> ignore
    arg [cmTC_ef1b7] ==> ignore
    arg [/usr/lib/gcc/x86_64-redhat-linux/4.4.7/../../../../lib64/crt1.o] ==> ignore
    arg [/usr/lib/gcc/x86_64-redhat-linux/4.4.7/../../../../lib64/crti.o] ==> ignore
    arg [/usr/lib/gcc/x86_64-redhat-linux/4.4.7/crtbegin.o] ==> ignore
    arg [-L/usr/lib/gcc/x86_64-redhat-linux/4.4.7] ==> dir [/usr/lib/gcc/x86_64-redhat-linux/4.4.7]
    arg [-L/usr/lib/gcc/x86_64-redhat-linux/4.4.7] ==> dir [/usr/lib/gcc/x86_64-redhat-linux/4.4.7]
    arg [-L/usr/lib/gcc/x86_64-redhat-linux/4.4.7/../../../../lib64] ==> dir [/usr/lib/gcc/x86_64-redhat-linux/4.4.7/../../../../lib64]
    arg [-L/lib/../lib64] ==> dir [/lib/../lib64]
    arg [-L/usr/lib/../lib64] ==> dir [/usr/lib/../lib64]
    arg [-L/usr/lib/gcc/x86_64-redhat-linux/4.4.7/../../..] ==> dir [/usr/lib/gcc/x86_64-redhat-linux/4.4.7/../../..]
    arg [CMakeFiles/cmTC_ef1b7.dir/CMakeCCompilerABI.c.o] ==> ignore
    arg [-lgcc] ==> lib [gcc]
    arg [--as-needed] ==> ignore
    arg [-lgcc_s] ==> lib [gcc_s]
    arg [--no-as-needed] ==> ignore
    arg [-lc] ==> lib [c]
    arg [-lgcc] ==> lib [gcc]
    arg [--as-needed] ==> ignore
    arg [-lgcc_s] ==> lib [gcc_s]
    arg [--no-as-needed] ==> ignore
    arg [/usr/lib/gcc/x86_64-redhat-linux/4.4.7/crtend.o] ==> ignore
    arg [/usr/lib/gcc/x86_64-redhat-linux/4.4.7/../../../../lib64/crtn.o] ==> ignore
  remove lib [gcc]
  remove lib [gcc_s]
  remove lib [gcc]
  remove lib [gcc_s]
  collapse library dir [/usr/lib/gcc/x86_64-redhat-linux/4.4.7] ==> [/usr/lib/gcc/x86_64-redhat-linux/4.4.7]
  collapse library dir [/usr/lib/gcc/x86_64-redhat-linux/4.4.7] ==> [/usr/lib/gcc/x86_64-redhat-linux/4.4.7]
  collapse library dir [/usr/lib/gcc/x86_64-redhat-linux/4.4.7/../../../../lib64] ==> [/usr/lib64]
  collapse library dir [/lib/../lib64] ==> [/lib64]
  collapse library dir [/usr/lib/../lib64] ==> [/usr/lib64]
  collapse library dir [/usr/lib/gcc/x86_64-redhat-linux/4.4.7/../../..] ==> [/usr/lib]
  implicit libs: [c]
  implicit dirs: [/usr/lib/gcc/x86_64-redhat-linux/4.4.7;/usr/lib64;/lib64;/usr/lib]
  implicit fwks: []




Detecting C [-std=c99] compiler features compiled with the following output:
Change Dir: /home/xwq/gflags/CMakeFiles/CMakeTmp

Run Build Command:"/usr/bin/gmake" "cmTC_4c8c6/fast"
/usr/bin/gmake -f CMakeFiles/cmTC_4c8c6.dir/build.make CMakeFiles/cmTC_4c8c6.dir/build
gmake[1]: Entering directory `/home/xwq/gflags/CMakeFiles/CMakeTmp'
Building C object CMakeFiles/cmTC_4c8c6.dir/feature_tests.c.o
/usr/bin/cc   -std=c99 -o CMakeFiles/cmTC_4c8c6.dir/feature_tests.c.o   -c /home/xwq/gflags/CMakeFiles/feature_tests.c
Linking C executable cmTC_4c8c6
/usr/local/bin/cmake -E cmake_link_script CMakeFiles/cmTC_4c8c6.dir/link.txt --verbose=1
/usr/bin/cc       CMakeFiles/cmTC_4c8c6.dir/feature_tests.c.o  -o cmTC_4c8c6 -rdynamic 
gmake[1]: Leaving directory `/home/xwq/gflags/CMakeFiles/CMakeTmp'


    Feature record: C_FEATURE:1c_function_prototypes
    Feature record: C_FEATURE:1c_restrict
    Feature record: C_FEATURE:0c_static_assert
    Feature record: C_FEATURE:1c_variadic_macros


Detecting C [-std=c89] compiler features compiled with the following output:
Change Dir: /home/xwq/gflags/CMakeFiles/CMakeTmp

Run Build Command:"/usr/bin/gmake" "cmTC_f5228/fast"
/usr/bin/gmake -f CMakeFiles/cmTC_f5228.dir/build.make CMakeFiles/cmTC_f5228.dir/build
gmake[1]: Entering directory `/home/xwq/gflags/CMakeFiles/CMakeTmp'
Building C object CMakeFiles/cmTC_f5228.dir/feature_tests.c.o
/usr/bin/cc   -std=c89 -o CMakeFiles/cmTC_f5228.dir/feature_tests.c.o   -c /home/xwq/gflags/CMakeFiles/feature_tests.c
Linking C executable cmTC_f5228
/usr/local/bin/cmake -E cmake_link_script CMakeFiles/cmTC_f5228.dir/link.txt --verbose=1
/usr/bin/cc       CMakeFiles/cmTC_f5228.dir/feature_tests.c.o  -o cmTC_f5228 -rdynamic 
gmake[1]: Leaving directory `/home/xwq/gflags/CMakeFiles/CMakeTmp'


    Feature record: C_FEATURE:1c_function_prototypes
    Feature record: C_FEATURE:0c_restrict
    Feature record: C_FEATURE:0c_static_assert
    Feature record: C_FEATURE:0c_variadic_macros
Determining if the include file unistd.h exists passed with the following output:
Change Dir: /home/xwq/gflags/CMakeFiles/CMakeTmp

Run Build Command:"/usr/bin/gmake" "cmTC_7d6c3/fast"
/usr/bin/gmake -f CMakeFiles/cmTC_7d6c3.dir/build.make CMakeFiles/cmTC_7d6c3.dir/build
gmake[1]: Entering directory `/home/xwq/gflags/CMakeFiles/CMakeTmp'
Building CXX object CMakeFiles/cmTC_7d6c3.dir/CheckIncludeFile.cxx.o
/usr/bin/c++     -o CMakeFiles/cmTC_7d6c3.dir/CheckIncludeFile.cxx.o -c /home/xwq/gflags/CMakeFiles/CMakeTmp/CheckIncludeFile.cxx
Linking CXX executable cmTC_7d6c3
/usr/local/bin/cmake -E cmake_link_script CMakeFiles/cmTC_7d6c3.dir/link.txt --verbose=1
/usr/bin/c++        CMakeFiles/cmTC_7d6c3.dir/CheckIncludeFile.cxx.o  -o cmTC_7d6c3 -rdynamic 
gmake[1]: Leaving directory `/home/xwq/gflags/CMakeFiles/CMakeTmp'


Determining if the include file stdint.h exists passed with the following output:
Change Dir: /home/xwq/gflags/CMakeFiles/CMakeTmp

Run Build Command:"/usr/bin/gmake" "cmTC_3bcbc/fast"
/usr/bin/gmake -f CMakeFiles/cmTC_3bcbc.dir/build.make CMakeFiles/cmTC_3bcbc.dir/build
gmake[1]: Entering directory `/home/xwq/gflags/CMakeFiles/CMakeTmp'
Building CXX object CMakeFiles/cmTC_3bcbc.dir/CheckIncludeFile.cxx.o
/usr/bin/c++     -o CMakeFiles/cmTC_3bcbc.dir/CheckIncludeFile.cxx.o -c /home/xwq/gflags/CMakeFiles/CMakeTmp/CheckIncludeFile.cxx
Linking CXX executable cmTC_3bcbc
/usr/local/bin/cmake -E cmake_link_script CMakeFiles/cmTC_3bcbc.dir/link.txt --verbose=1
/usr/bin/c++        CMakeFiles/cmTC_3bcbc.dir/CheckIncludeFile.cxx.o  -o cmTC_3bcbc -rdynamic 
gmake[1]: Leaving directory `/home/xwq/gflags/CMakeFiles/CMakeTmp'


Determining if the include file inttypes.h exists passed with the following output:
Change Dir: /home/xwq/gflags/CMakeFiles/CMakeTmp

Run Build Command:"/usr/bin/gmake" "cmTC_db6c7/fast"
/usr/bin/gmake -f CMakeFiles/cmTC_db6c7.dir/build.make CMakeFiles/cmTC_db6c7.dir/build
gmake[1]: Entering directory `/home/xwq/gflags/CMakeFiles/CMakeTmp'
Building CXX object CMakeFiles/cmTC_db6c7.dir/CheckIncludeFile.cxx.o
/usr/bin/c++     -o CMakeFiles/cmTC_db6c7.dir/CheckIncludeFile.cxx.o -c /home/xwq/gflags/CMakeFiles/CMakeTmp/CheckIncludeFile.cxx
Linking CXX executable cmTC_db6c7
/usr/local/bin/cmake -E cmake_link_script CMakeFiles/cmTC_db6c7.dir/link.txt --verbose=1
/usr/bin/c++        CMakeFiles/cmTC_db6c7.dir/CheckIncludeFile.cxx.o  -o cmTC_db6c7 -rdynamic 
gmake[1]: Leaving directory `/home/xwq/gflags/CMakeFiles/CMakeTmp'


Determining if the include file sys/types.h exists passed with the following output:
Change Dir: /home/xwq/gflags/CMakeFiles/CMakeTmp

Run Build Command:"/usr/bin/gmake" "cmTC_9bb6b/fast"
/usr/bin/gmake -f CMakeFiles/cmTC_9bb6b.dir/build.make CMakeFiles/cmTC_9bb6b.dir/build
gmake[1]: Entering directory `/home/xwq/gflags/CMakeFiles/CMakeTmp'
Building CXX object CMakeFiles/cmTC_9bb6b.dir/CheckIncludeFile.cxx.o
/usr/bin/c++     -o CMakeFiles/cmTC_9bb6b.dir/CheckIncludeFile.cxx.o -c /home/xwq/gflags/CMakeFiles/CMakeTmp/CheckIncludeFile.cxx
Linking CXX executable cmTC_9bb6b
/usr/local/bin/cmake -E cmake_link_script CMakeFiles/cmTC_9bb6b.dir/link.txt --verbose=1
/usr/bin/c++        CMakeFiles/cmTC_9bb6b.dir/CheckIncludeFile.cxx.o  -o cmTC_9bb6b -rdynamic 
gmake[1]: Leaving directory `/home/xwq/gflags/CMakeFiles/CMakeTmp'


Determining if the include file sys/stat.h exists passed with the following output:
Change Dir: /home/xwq/gflags/CMakeFiles/CMakeTmp

Run Build Command:"/usr/bin/gmake" "cmTC_c49a3/fast"
/usr/bin/gmake -f CMakeFiles/cmTC_c49a3.dir/build.make CMakeFiles/cmTC_c49a3.dir/build
gmake[1]: Entering directory `/home/xwq/gflags/CMakeFiles/CMakeTmp'
Building CXX object CMakeFiles/cmTC_c49a3.dir/CheckIncludeFile.cxx.o
/usr/bin/c++     -o CMakeFiles/cmTC_c49a3.dir/CheckIncludeFile.cxx.o -c /home/xwq/gflags/CMakeFiles/CMakeTmp/CheckIncludeFile.cxx
Linking CXX executable cmTC_c49a3
/usr/local/bin/cmake -E cmake_link_script CMakeFiles/cmTC_c49a3.dir/link.txt --verbose=1
/usr/bin/c++        CMakeFiles/cmTC_c49a3.dir/CheckIncludeFile.cxx.o  -o cmTC_c49a3 -rdynamic 
gmake[1]: Leaving directory `/home/xwq/gflags/CMakeFiles/CMakeTmp'


Determining if the include file fnmatch.h exists passed with the following output:
Change Dir: /home/xwq/gflags/CMakeFiles/CMakeTmp

Run Build Command:"/usr/bin/gmake" "cmTC_e6800/fast"
/usr/bin/gmake -f CMakeFiles/cmTC_e6800.dir/build.make CMakeFiles/cmTC_e6800.dir/build
gmake[1]: Entering directory `/home/xwq/gflags/CMakeFiles/CMakeTmp'
Building CXX object CMakeFiles/cmTC_e6800.dir/CheckIncludeFile.cxx.o
/usr/bin/c++     -o CMakeFiles/cmTC_e6800.dir/CheckIncludeFile.cxx.o -c /home/xwq/gflags/CMakeFiles/CMakeTmp/CheckIncludeFile.cxx
Linking CXX executable cmTC_e6800
/usr/local/bin/cmake -E cmake_link_script CMakeFiles/cmTC_e6800.dir/link.txt --verbose=1
/usr/bin/c++        CMakeFiles/cmTC_e6800.dir/CheckIncludeFile.cxx.o  -o cmTC_e6800 -rdynamic 
gmake[1]: Leaving directory `/home/xwq/gflags/CMakeFiles/CMakeTmp'


Determining if the include file stddef.h exists passed with the following output:
Change Dir: /home/xwq/gflags/CMakeFiles/CMakeTmp

Run Build Command:"/usr/bin/gmake" "cmTC_26a27/fast"
/usr/bin/gmake -f CMakeFiles/cmTC_26a27.dir/build.make CMakeFiles/cmTC_26a27.dir/build
gmake[1]: Entering directory `/home/xwq/gflags/CMakeFiles/CMakeTmp'
Building CXX object CMakeFiles/cmTC_26a27.dir/CheckIncludeFile.cxx.o
/usr/bin/c++     -o CMakeFiles/cmTC_26a27.dir/CheckIncludeFile.cxx.o -c /home/xwq/gflags/CMakeFiles/CMakeTmp/CheckIncludeFile.cxx
Linking CXX executable cmTC_26a27
/usr/local/bin/cmake -E cmake_link_script CMakeFiles/cmTC_26a27.dir/link.txt --verbose=1
/usr/bin/c++        CMakeFiles/cmTC_26a27.dir/CheckIncludeFile.cxx.o  -o cmTC_26a27 -rdynamic 
gmake[1]: Leaving directory `/home/xwq/gflags/CMakeFiles/CMakeTmp'


Determining size of uint32_t passed with the following output:
Change Dir: /home/xwq/gflags/CMakeFiles/CMakeTmp

Run Build Command:"/usr/bin/gmake" "cmTC_684a4/fast"
/usr/bin/gmake -f CMakeFiles/cmTC_684a4.dir/build.make CMakeFiles/cmTC_684a4.dir/build
gmake[1]: Entering directory `/home/xwq/gflags/CMakeFiles/CMakeTmp'
Building CXX object CMakeFiles/cmTC_684a4.dir/uint32_t.cpp.o
/usr/bin/c++     -o CMakeFiles/cmTC_684a4.dir/uint32_t.cpp.o -c /home/xwq/gflags/CMakeFiles/CheckTypeSize/uint32_t.cpp
Linking CXX executable cmTC_684a4
/usr/local/bin/cmake -E cmake_link_script CMakeFiles/cmTC_684a4.dir/link.txt --verbose=1
/usr/bin/c++        CMakeFiles/cmTC_684a4.dir/uint32_t.cpp.o  -o cmTC_684a4 -rdynamic 
gmake[1]: Leaving directory `/home/xwq/gflags/CMakeFiles/CMakeTmp'


Determining if the strtoll exist passed with the following output:
Change Dir: /home/xwq/gflags/CMakeFiles/CMakeTmp

Run Build Command:"/usr/bin/gmake" "cmTC_50f97/fast"
/usr/bin/gmake -f CMakeFiles/cmTC_50f97.dir/build.make CMakeFiles/cmTC_50f97.dir/build
gmake[1]: Entering directory `/home/xwq/gflags/CMakeFiles/CMakeTmp'
Building CXX object CMakeFiles/cmTC_50f97.dir/CheckSymbolExists.cxx.o
/usr/bin/c++     -o CMakeFiles/cmTC_50f97.dir/CheckSymbolExists.cxx.o -c /home/xwq/gflags/CMakeFiles/CMakeTmp/CheckSymbolExists.cxx
Linking CXX executable cmTC_50f97
/usr/local/bin/cmake -E cmake_link_script CMakeFiles/cmTC_50f97.dir/link.txt --verbose=1
/usr/bin/c++        CMakeFiles/cmTC_50f97.dir/CheckSymbolExists.cxx.o  -o cmTC_50f97 -rdynamic 
gmake[1]: Leaving directory `/home/xwq/gflags/CMakeFiles/CMakeTmp'

File /home/xwq/gflags/CMakeFiles/CMakeTmp/CheckSymbolExists.cxx:
/* */
#include <stdlib.h>

int main(int argc, char** argv)
{
  (void)argv;
#ifndef strtoll
  return ((int*)(&strtoll))[argc];
#else
  (void)argc;
  return 0;
#endif
}

Determining if files pthread.h exist passed with the following output:
Change Dir: /home/xwq/gflags/CMakeFiles/CMakeTmp

Run Build Command:"/usr/bin/gmake" "cmTC_3a4ff/fast"
/usr/bin/gmake -f CMakeFiles/cmTC_3a4ff.dir/build.make CMakeFiles/cmTC_3a4ff.dir/build
gmake[1]: Entering directory `/home/xwq/gflags/CMakeFiles/CMakeTmp'
Building C object CMakeFiles/cmTC_3a4ff.dir/CheckIncludeFiles.c.o
/usr/bin/cc    -o CMakeFiles/cmTC_3a4ff.dir/CheckIncludeFiles.c.o   -c /home/xwq/gflags/CMakeFiles/CMakeTmp/CheckIncludeFiles.c
Linking C executable cmTC_3a4ff
/usr/local/bin/cmake -E cmake_link_script CMakeFiles/cmTC_3a4ff.dir/link.txt --verbose=1
/usr/bin/cc       CMakeFiles/cmTC_3a4ff.dir/CheckIncludeFiles.c.o  -o cmTC_3a4ff -rdynamic 
gmake[1]: Leaving directory `/home/xwq/gflags/CMakeFiles/CMakeTmp'


Determining if the function pthread_create exists in the pthread passed with the following output:
Change Dir: /home/xwq/gflags/CMakeFiles/CMakeTmp

Run Build Command:"/usr/bin/gmake" "cmTC_1a527/fast"
/usr/bin/gmake -f CMakeFiles/cmTC_1a527.dir/build.make CMakeFiles/cmTC_1a527.dir/build
gmake[1]: Entering directory `/home/xwq/gflags/CMakeFiles/CMakeTmp'
Building C object CMakeFiles/cmTC_1a527.dir/CheckFunctionExists.c.o
/usr/bin/cc   -DCHECK_FUNCTION_EXISTS=pthread_create   -o CMakeFiles/cmTC_1a527.dir/CheckFunctionExists.c.o   -c /usr/local/share/cmake-3.3/Modules/CheckFunctionExists.c
Linking C executable cmTC_1a527
/usr/local/bin/cmake -E cmake_link_script CMakeFiles/cmTC_1a527.dir/link.txt --verbose=1
/usr/bin/cc   -DCHECK_FUNCTION_EXISTS=pthread_create    CMakeFiles/cmTC_1a527.dir/CheckFunctionExists.c.o  -o cmTC_1a527 -rdynamic -lpthread 
gmake[1]: Leaving directory `/home/xwq/gflags/CMakeFiles/CMakeTmp'


Determining size of pthread_rwlock_t passed with the following output:
Change Dir: /home/xwq/gflags/CMakeFiles/CMakeTmp

Run Build Command:"/usr/bin/gmake" "cmTC_e2c0c/fast"
/usr/bin/gmake -f CMakeFiles/cmTC_e2c0c.dir/build.make CMakeFiles/cmTC_e2c0c.dir/build
gmake[1]: Entering directory `/home/xwq/gflags/CMakeFiles/CMakeTmp'
Building CXX object CMakeFiles/cmTC_e2c0c.dir/RWLOCK.cpp.o
/usr/bin/c++     -o CMakeFiles/cmTC_e2c0c.dir/RWLOCK.cpp.o -c /home/xwq/gflags/CMakeFiles/CheckTypeSize/RWLOCK.cpp
Linking CXX executable cmTC_e2c0c
/usr/local/bin/cmake -E cmake_link_script CMakeFiles/cmTC_e2c0c.dir/link.txt --verbose=1
/usr/bin/c++        CMakeFiles/cmTC_e2c0c.dir/RWLOCK.cpp.o  -o cmTC_e2c0c -rdynamic 
gmake[1]: Leaving directory `/home/xwq/gflags/CMakeFiles/CMakeTmp'


